[debug] [2025-12-19T10:39:05.922Z] ----------------------------------------------------------------------
[debug] [2025-12-19T10:39:05.924Z] Command:       C:\Program Files\nodejs\node.exe C:\Users\Admin\AppData\Roaming\npm\node_modules\firebase-tools\lib\bin\firebase.js init
[debug] [2025-12-19T10:39:05.924Z] CLI Version:   15.1.0
[debug] [2025-12-19T10:39:05.924Z] Platform:      win32
[debug] [2025-12-19T10:39:05.925Z] Node Version:  v22.14.0
[debug] [2025-12-19T10:39:05.925Z] Time:          Fri Dec 19 2025 17:39:05 GMT+0700 (Indochina Time)
[debug] [2025-12-19T10:39:05.925Z] ----------------------------------------------------------------------
[debug] 
[info] 
     ######## #### ########  ######## ########     ###     ######  ########
     ##        ##  ##     ## ##       ##     ##  ##   ##  ##       ##
     ######    ##  ########  ######   ########  #########  ######  ######
     ##        ##  ##    ##  ##       ##     ## ##     ##       ## ##
     ##       #### ##     ## ######## ########  ##     ##  ######  ########

You're about to initialize a Firebase project in this directory:

  D:\user_management\frontend

[info] 
=== Project Setup
[info] 
[info] First, let's associate this project directory with a Firebase project.
[info] You can create multiple project aliases by running firebase use --add, 
[info] 
[info] i  If you want to create a project in a Google Cloud organization or folder, please use "firebase projects:create" instead, and return to this command when you've created the project. 
[debug] [2025-12-19T10:39:15.033Z] > command requires scopes: ["email","openid","https://www.googleapis.com/auth/cloudplatformprojects.readonly","https://www.googleapis.com/auth/firebase","https://www.googleapis.com/auth/cloud-platform"]
[debug] [2025-12-19T10:39:15.033Z] > authorizing via signed-in user (vinhconghoang5410@gmail.com)
[debug] [2025-12-19T10:39:19.243Z] Checked if tokens are valid: true, expires at: 1766144294204
[debug] [2025-12-19T10:39:19.244Z] Checked if tokens are valid: true, expires at: 1766144294204
[debug] [2025-12-19T10:39:19.245Z] >>> [apiv2][query] POST https://firebase.googleapis.com/v1/projects:checkProjectId [none]
[debug] [2025-12-19T10:39:19.245Z] >>> [apiv2][body] POST https://firebase.googleapis.com/v1/projects:checkProjectId {"proposedId":"vinhhc5410"}
[debug] [2025-12-19T10:39:19.765Z] <<< [apiv2][status] POST https://firebase.googleapis.com/v1/projects:checkProjectId 200
[debug] [2025-12-19T10:39:19.765Z] <<< [apiv2][body] POST https://firebase.googleapis.com/v1/projects:checkProjectId {"projectIdStatus":"PROJECT_ID_UNAVAILABLE","suggestedProjectId":"vinhhc5410-78eb4"}
[debug] [2025-12-19T10:39:32.525Z] Checked if tokens are valid: true, expires at: 1766144294204
[debug] [2025-12-19T10:39:32.525Z] Checked if tokens are valid: true, expires at: 1766144294204
[debug] [2025-12-19T10:39:32.526Z] >>> [apiv2][query] POST https://firebase.googleapis.com/v1/projects:checkProjectId [none]
[debug] [2025-12-19T10:39:32.526Z] >>> [apiv2][body] POST https://firebase.googleapis.com/v1/projects:checkProjectId {"proposedId":"vinhhc0905"}
[debug] [2025-12-19T10:39:32.876Z] <<< [apiv2][status] POST https://firebase.googleapis.com/v1/projects:checkProjectId 200
[debug] [2025-12-19T10:39:32.876Z] <<< [apiv2][body] POST https://firebase.googleapis.com/v1/projects:checkProjectId {"projectIdStatus":"PROJECT_ID_AVAILABLE","suggestedProjectId":"vinhhc0905"}
[debug] [2025-12-19T10:39:36.689Z] Checked if tokens are valid: true, expires at: 1766144294204
[debug] [2025-12-19T10:39:36.689Z] Checked if tokens are valid: true, expires at: 1766144294204
[debug] [2025-12-19T10:39:36.689Z] >>> [apiv2][query] POST https://cloudresourcemanager.googleapis.com/v1/projects [none]
[debug] [2025-12-19T10:39:36.689Z] >>> [apiv2][body] POST https://cloudresourcemanager.googleapis.com/v1/projects {"projectId":"vinhhc0905","name":"vinhhc0905"}
[debug] [2025-12-19T10:39:39.976Z] <<< [apiv2][status] POST https://cloudresourcemanager.googleapis.com/v1/projects 200
[debug] [2025-12-19T10:39:39.976Z] <<< [apiv2][body] POST https://cloudresourcemanager.googleapis.com/v1/projects {"name":"operations/create_project.global.7907128748474670390"}
[debug] [2025-12-19T10:39:39.977Z] Checked if tokens are valid: true, expires at: 1766144294204
[debug] [2025-12-19T10:39:39.977Z] Checked if tokens are valid: true, expires at: 1766144294204
[debug] [2025-12-19T10:39:39.977Z] >>> [apiv2][query] GET https://cloudresourcemanager.googleapis.com/v1/operations/create_project.global.7907128748474670390 [none]
[debug] [2025-12-19T10:39:40.893Z] <<< [apiv2][status] GET https://cloudresourcemanager.googleapis.com/v1/operations/create_project.global.7907128748474670390 200
[debug] [2025-12-19T10:39:40.893Z] <<< [apiv2][body] GET https://cloudresourcemanager.googleapis.com/v1/operations/create_project.global.7907128748474670390 {"name":"operations/create_project.global.7907128748474670390"}
[debug] [2025-12-19T10:39:41.394Z] [Project Creation Poller] Retrying task index 0
[debug] [2025-12-19T10:39:41.395Z] Checked if tokens are valid: true, expires at: 1766144294204
[debug] [2025-12-19T10:39:41.395Z] Checked if tokens are valid: true, expires at: 1766144294204
[debug] [2025-12-19T10:39:41.395Z] >>> [apiv2][query] GET https://cloudresourcemanager.googleapis.com/v1/operations/create_project.global.7907128748474670390 [none]
[debug] [2025-12-19T10:39:41.644Z] <<< [apiv2][status] GET https://cloudresourcemanager.googleapis.com/v1/operations/create_project.global.7907128748474670390 200
[debug] [2025-12-19T10:39:41.645Z] <<< [apiv2][body] GET https://cloudresourcemanager.googleapis.com/v1/operations/create_project.global.7907128748474670390 {"name":"operations/create_project.global.7907128748474670390","metadata":{"@type":"type.googleapis.com/google.cloudresourcemanager.v1.ProjectCreationStatus","gettable":true,"ready":true},"done":true,"response":{"@type":"type.googleapis.com/google.cloudresourcemanager.v1.Project","projectNumber":"740100596444","projectId":"vinhhc0905","lifecycleState":"ACTIVE","name":"vinhhc0905","createTime":"2025-12-19T10:39:38.827834Z"}}
[debug] [2025-12-19T10:39:41.646Z] Checked if tokens are valid: true, expires at: 1766144294204
[debug] [2025-12-19T10:39:41.646Z] Checked if tokens are valid: true, expires at: 1766144294204
[debug] [2025-12-19T10:39:41.646Z] >>> [apiv2][query] POST https://firebase.googleapis.com/v1beta1/projects/vinhhc0905:addFirebase [none]
[debug] [2025-12-19T10:39:42.889Z] <<< [apiv2][status] POST https://firebase.googleapis.com/v1beta1/projects/vinhhc0905:addFirebase 403
[debug] [2025-12-19T10:39:42.889Z] <<< [apiv2][body] POST https://firebase.googleapis.com/v1beta1/projects/vinhhc0905:addFirebase {"error":{"code":403,"message":"The caller does not have permission","status":"PERMISSION_DENIED"}}
[debug] [2025-12-19T10:39:42.890Z] Request to https://firebase.googleapis.com/v1beta1/projects/vinhhc0905:addFirebase had HTTP Error: 403, The caller does not have permission
[debug] [2025-12-19T10:39:43.038Z] FirebaseError: Request to https://firebase.googleapis.com/v1beta1/projects/vinhhc0905:addFirebase had HTTP Error: 403, The caller does not have permission
    at responseToError (C:\Users\Admin\AppData\Roaming\npm\node_modules\firebase-tools\lib\responseToError.js:53:12)
    at RetryOperation._fn (C:\Users\Admin\AppData\Roaming\npm\node_modules\firebase-tools\lib\apiv2.js:322:77)
    at process.processTicksAndRejections (node:internal/process/task_queues:105:5)
[error] 
[error] Error: Failed to add Firebase to Google Cloud Platform project. See firebase-debug.log for more info.
[debug] [2025-12-19T10:42:27.993Z] ----------------------------------------------------------------------
[debug] [2025-12-19T10:42:27.996Z] Command:       C:\Program Files\nodejs\node.exe C:\Users\Admin\AppData\Roaming\npm\node_modules\firebase-tools\lib\bin\firebase.js init
[debug] [2025-12-19T10:42:27.996Z] CLI Version:   15.1.0
[debug] [2025-12-19T10:42:27.996Z] Platform:      win32
[debug] [2025-12-19T10:42:27.996Z] Node Version:  v22.14.0
[debug] [2025-12-19T10:42:27.996Z] Time:          Fri Dec 19 2025 17:42:27 GMT+0700 (Indochina Time)
[debug] [2025-12-19T10:42:27.996Z] ----------------------------------------------------------------------
[debug] 
[info] 
     ######## #### ########  ######## ########     ###     ######  ########
     ##        ##  ##     ## ##       ##     ##  ##   ##  ##       ##
     ######    ##  ########  ######   ########  #########  ######  ######
     ##        ##  ##    ##  ##       ##     ## ##     ##       ## ##
     ##       #### ##     ## ######## ########  ##     ##  ######  ########

You're about to initialize a Firebase project in this directory:

  D:\user_management\frontend

[info] 
=== Project Setup
[info] 
[info] First, let's associate this project directory with a Firebase project.
[info] You can create multiple project aliases by running firebase use --add, 
[info] 
[info] i  If you want to create a project in a Google Cloud organization or folder, please use "firebase projects:create" instead, and return to this command when you've created the project. 
[debug] [2025-12-19T10:42:34.600Z] > command requires scopes: ["email","openid","https://www.googleapis.com/auth/cloudplatformprojects.readonly","https://www.googleapis.com/auth/firebase","https://www.googleapis.com/auth/cloud-platform"]
[debug] [2025-12-19T10:42:34.601Z] > authorizing via signed-in user (vinhconghoang5410@gmail.com)
[debug] [2025-12-19T10:42:38.957Z] Checked if tokens are valid: true, expires at: 1766144294204
[debug] [2025-12-19T10:42:38.957Z] Checked if tokens are valid: true, expires at: 1766144294204
[debug] [2025-12-19T10:42:38.958Z] >>> [apiv2][query] POST https://firebase.googleapis.com/v1/projects:checkProjectId [none]
[debug] [2025-12-19T10:42:38.958Z] >>> [apiv2][body] POST https://firebase.googleapis.com/v1/projects:checkProjectId {"proposedId":"vinhhc0905"}
[debug] [2025-12-19T10:42:40.798Z] <<< [apiv2][status] POST https://firebase.googleapis.com/v1/projects:checkProjectId 200
[debug] [2025-12-19T10:42:40.798Z] <<< [apiv2][body] POST https://firebase.googleapis.com/v1/projects:checkProjectId {"projectIdStatus":"PROJECT_ID_UNAVAILABLE","suggestedProjectId":"vinhhc0905-3052b"}
[debug] [2025-12-19T10:42:44.095Z] Checked if tokens are valid: true, expires at: 1766144294204
[debug] [2025-12-19T10:42:44.096Z] Checked if tokens are valid: true, expires at: 1766144294204
[debug] [2025-12-19T10:42:44.096Z] >>> [apiv2][query] POST https://firebase.googleapis.com/v1/projects:checkProjectId [none]
[debug] [2025-12-19T10:42:44.096Z] >>> [apiv2][body] POST https://firebase.googleapis.com/v1/projects:checkProjectId {"proposedId":"vinhhc090504"}
[debug] [2025-12-19T10:42:44.376Z] <<< [apiv2][status] POST https://firebase.googleapis.com/v1/projects:checkProjectId 200
[debug] [2025-12-19T10:42:44.376Z] <<< [apiv2][body] POST https://firebase.googleapis.com/v1/projects:checkProjectId {"projectIdStatus":"PROJECT_ID_AVAILABLE","suggestedProjectId":"vinhhc090504"}
[debug] [2025-12-19T10:42:46.291Z] Checked if tokens are valid: true, expires at: 1766144294204
[debug] [2025-12-19T10:42:46.291Z] Checked if tokens are valid: true, expires at: 1766144294204
[debug] [2025-12-19T10:42:46.291Z] >>> [apiv2][query] POST https://cloudresourcemanager.googleapis.com/v1/projects [none]
[debug] [2025-12-19T10:42:46.291Z] >>> [apiv2][body] POST https://cloudresourcemanager.googleapis.com/v1/projects {"projectId":"vinhhc090504","name":"vinhhc090504"}
[debug] [2025-12-19T10:42:47.404Z] <<< [apiv2][status] POST https://cloudresourcemanager.googleapis.com/v1/projects 200
[debug] [2025-12-19T10:42:47.404Z] <<< [apiv2][body] POST https://cloudresourcemanager.googleapis.com/v1/projects {"name":"operations/create_project.global.8128872696540320121"}
[debug] [2025-12-19T10:42:47.405Z] Checked if tokens are valid: true, expires at: 1766144294204
[debug] [2025-12-19T10:42:47.405Z] Checked if tokens are valid: true, expires at: 1766144294204
[debug] [2025-12-19T10:42:47.405Z] >>> [apiv2][query] GET https://cloudresourcemanager.googleapis.com/v1/operations/create_project.global.8128872696540320121 [none]
[debug] [2025-12-19T10:42:47.754Z] <<< [apiv2][status] GET https://cloudresourcemanager.googleapis.com/v1/operations/create_project.global.8128872696540320121 200
[debug] [2025-12-19T10:42:47.754Z] <<< [apiv2][body] GET https://cloudresourcemanager.googleapis.com/v1/operations/create_project.global.8128872696540320121 {"name":"operations/create_project.global.8128872696540320121"}
[debug] [2025-12-19T10:42:48.265Z] [Project Creation Poller] Retrying task index 0
[debug] [2025-12-19T10:42:48.266Z] Checked if tokens are valid: true, expires at: 1766144294204
[debug] [2025-12-19T10:42:48.266Z] Checked if tokens are valid: true, expires at: 1766144294204
[debug] [2025-12-19T10:42:48.266Z] >>> [apiv2][query] GET https://cloudresourcemanager.googleapis.com/v1/operations/create_project.global.8128872696540320121 [none]
[debug] [2025-12-19T10:42:48.560Z] <<< [apiv2][status] GET https://cloudresourcemanager.googleapis.com/v1/operations/create_project.global.8128872696540320121 200
[debug] [2025-12-19T10:42:48.561Z] <<< [apiv2][body] GET https://cloudresourcemanager.googleapis.com/v1/operations/create_project.global.8128872696540320121 {"name":"operations/create_project.global.8128872696540320121"}
[debug] [2025-12-19T10:42:49.564Z] [Project Creation Poller] Retrying task index 0
[debug] [2025-12-19T10:42:49.564Z] Checked if tokens are valid: true, expires at: 1766144294204
[debug] [2025-12-19T10:42:49.564Z] Checked if tokens are valid: true, expires at: 1766144294204
[debug] [2025-12-19T10:42:49.565Z] >>> [apiv2][query] GET https://cloudresourcemanager.googleapis.com/v1/operations/create_project.global.8128872696540320121 [none]
[debug] [2025-12-19T10:42:49.953Z] <<< [apiv2][status] GET https://cloudresourcemanager.googleapis.com/v1/operations/create_project.global.8128872696540320121 200
[debug] [2025-12-19T10:42:49.953Z] <<< [apiv2][body] GET https://cloudresourcemanager.googleapis.com/v1/operations/create_project.global.8128872696540320121 {"name":"operations/create_project.global.8128872696540320121","metadata":{"@type":"type.googleapis.com/google.cloudresourcemanager.v1.ProjectCreationStatus","gettable":true,"ready":true},"done":true,"response":{"@type":"type.googleapis.com/google.cloudresourcemanager.v1.Project","projectNumber":"458935432848","projectId":"vinhhc090504","lifecycleState":"ACTIVE","name":"vinhhc090504","createTime":"2025-12-19T10:42:46.240617Z"}}
[debug] [2025-12-19T10:42:49.954Z] Checked if tokens are valid: true, expires at: 1766144294204
[debug] [2025-12-19T10:42:49.954Z] Checked if tokens are valid: true, expires at: 1766144294204
[debug] [2025-12-19T10:42:49.955Z] >>> [apiv2][query] POST https://firebase.googleapis.com/v1beta1/projects/vinhhc090504:addFirebase [none]
[debug] [2025-12-19T10:42:51.200Z] <<< [apiv2][status] POST https://firebase.googleapis.com/v1beta1/projects/vinhhc090504:addFirebase 403
[debug] [2025-12-19T10:42:51.200Z] <<< [apiv2][body] POST https://firebase.googleapis.com/v1beta1/projects/vinhhc090504:addFirebase {"error":{"code":403,"message":"The caller does not have permission","status":"PERMISSION_DENIED"}}
[debug] [2025-12-19T10:42:51.201Z] Request to https://firebase.googleapis.com/v1beta1/projects/vinhhc090504:addFirebase had HTTP Error: 403, The caller does not have permission
[debug] [2025-12-19T10:42:51.402Z] FirebaseError: Request to https://firebase.googleapis.com/v1beta1/projects/vinhhc090504:addFirebase had HTTP Error: 403, The caller does not have permission
    at responseToError (C:\Users\Admin\AppData\Roaming\npm\node_modules\firebase-tools\lib\responseToError.js:53:12)
    at RetryOperation._fn (C:\Users\Admin\AppData\Roaming\npm\node_modules\firebase-tools\lib\apiv2.js:322:77)
    at process.processTicksAndRejections (node:internal/process/task_queues:105:5)
[error] 
[error] Error: Failed to add Firebase to Google Cloud Platform project. See firebase-debug.log for more info.
