[debug] [2025-12-19T10:58:23.327Z] ----------------------------------------------------------------------
[debug] [2025-12-19T10:58:23.329Z] Command:       C:\Program Files\nodejs\node.exe C:\Users\Admin\AppData\Roaming\npm\node_modules\firebase-tools\lib\bin\firebase.js init
[debug] [2025-12-19T10:58:23.329Z] CLI Version:   15.1.0
[debug] [2025-12-19T10:58:23.329Z] Platform:      win32
[debug] [2025-12-19T10:58:23.330Z] Node Version:  v22.14.0
[debug] [2025-12-19T10:58:23.330Z] Time:          Fri Dec 19 2025 17:58:23 GMT+0700 (Indochina Time)
[debug] [2025-12-19T10:58:23.330Z] ----------------------------------------------------------------------
[debug] 
[info] 
     ######## #### ########  ######## ########     ###     ######  ########
     ##        ##  ##     ## ##       ##     ##  ##   ##  ##       ##
     ######    ##  ########  ######   ########  #########  ######  ######
     ##        ##  ##    ##  ##       ##     ## ##     ##       ## ##
     ##       #### ##     ## ######## ########  ##     ##  ######  ########

You're about to initialize a Firebase project in this directory:

  D:\user_management

Before we get started, keep in mind:

  * You are initializing within an existing Firebase project directory

[info] 
=== Project Setup
[info] 
[info] First, let's associate this project directory with a Firebase project.
[info] You can create multiple project aliases by running firebase use --add, 
[info] 
[debug] [2025-12-19T10:58:31.744Z] > command requires scopes: ["email","openid","https://www.googleapis.com/auth/cloudplatformprojects.readonly","https://www.googleapis.com/auth/firebase","https://www.googleapis.com/auth/cloud-platform"]
[debug] [2025-12-19T10:58:31.744Z] > authorizing via signed-in user (vinhconghoang5410@gmail.com)
[debug] [2025-12-19T10:58:31.745Z] Checked if tokens are valid: true, expires at: 1766144294204
[debug] [2025-12-19T10:58:31.745Z] Checked if tokens are valid: true, expires at: 1766144294204
[debug] [2025-12-19T10:58:31.746Z] >>> [apiv2][query] GET https://firebase.googleapis.com/v1beta1/projects/vinhhc090504-b58fc [none]
[debug] [2025-12-19T10:58:32.222Z] <<< [apiv2][status] GET https://firebase.googleapis.com/v1beta1/projects/vinhhc090504-b58fc 200
[debug] [2025-12-19T10:58:32.222Z] <<< [apiv2][body] GET https://firebase.googleapis.com/v1beta1/projects/vinhhc090504-b58fc {"projectId":"vinhhc090504-b58fc","projectNumber":"980583219860","displayName":"vinhhc090504","name":"projects/vinhhc090504-b58fc","resources":{"hostingSite":"vinhhc090504-b58fc"},"state":"ACTIVE","etag":"1_886d342a-0d1a-499e-bb12-894084a1475c"}
[info] i  Using project vinhhc090504-b58fc (vinhhc090504) . 
[info] 
=== Hosting Setup
[debug] [2025-12-19T10:58:32.228Z] Checked if tokens are valid: true, expires at: 1766144294204
[debug] [2025-12-19T10:58:32.229Z] Checked if tokens are valid: true, expires at: 1766144294204
[debug] [2025-12-19T10:58:32.229Z] >>> [apiv2][query] GET https://firebase.googleapis.com/v1beta1/projects/vinhhc090504-b58fc [none]
[debug] [2025-12-19T10:58:32.531Z] <<< [apiv2][status] GET https://firebase.googleapis.com/v1beta1/projects/vinhhc090504-b58fc 200
[debug] [2025-12-19T10:58:32.531Z] <<< [apiv2][body] GET https://firebase.googleapis.com/v1beta1/projects/vinhhc090504-b58fc {"projectId":"vinhhc090504-b58fc","projectNumber":"980583219860","displayName":"vinhhc090504","name":"projects/vinhhc090504-b58fc","resources":{"hostingSite":"vinhhc090504-b58fc"},"state":"ACTIVE","etag":"1_886d342a-0d1a-499e-bb12-894084a1475c"}
[info] 
[info] Your public directory is the folder (relative to your project directory) that
[info] will contain Hosting assets to be uploaded with firebase deploy. If you
[info] have a build process for your assets, use your build's output directory.
[info] 
[debug] [2025-12-19T10:59:06.286Z] ExitPromptError: User force closed the prompt with SIGINT
    at Interface.sigint (C:\Users\Admin\AppData\Roaming\npm\node_modules\firebase-tools\node_modules\@inquirer\core\dist\commonjs\lib\create-prompt.js:101:37)
    at Interface.emit (node:events:518:28)
    at [_ttyWrite] [as _ttyWrite] (node:internal/readline/interface:1124:18)
    at ReadStream.onkeypress (node:internal/readline/interface:263:20)
    at ReadStream.emit (node:events:530:35)
    at emitKeys (node:internal/readline/utils:370:14)
    at emitKeys.next (<anonymous>)
    at ReadStream.onData (node:internal/readline/emitKeypressEvents:64:36)
    at ReadStream.emit (node:events:518:28)
    at addChunk (node:internal/streams/readable:561:12)
[error] 
[error] Error: An unexpected error has occurred.
